1password-cli
appcleaner
arc
arduino
balenaetcher
barrier
blender
blurred
brave-browser
burp-suite
codux
discord
docker
figma
firefox
flutter
font-fira-code
font-fira-code-nerd-font
font-fira-mono
font-fira-mono-for-powerline
font-fira-sans
font-hack-nerd-font
font-inconsolata-for-powerline
font-inconsolata-for-powerline-bold
font-inconsolata-nerd-font
font-source-code-pro
font-source-code-pro-for-powerline
fontforge
fritzing
gaphor
gb-studio
gimp
godot
google-drive
hiddenbar
inkscape
insomnia
iterm2
kicad
kitty
midikeys
miro
mysqlworkbench
ngrok
notion
obsidian
openscad
permute
podman-desktop
postman
qcad
rectangle
rhino
rubymine
spotify
steam
synergy
typora
utm
visual-studio-code
vivaldi
vlc
vnc-viewer
warp
whatsapp
wkhtmltopdf
xquartz
zulu17
